{"contracts/ERC1155/ERC1155.sol":{"l":{"23":1,"33":9,"34":9,"35":9,"36":9,"37":9,"38":9,"39":9},"path":"/home/racso/Programming/nft-marketplace/contracts/ERC1155/ERC1155.sol","s":{"1":1,"2":9,"3":9,"4":9,"5":9,"6":9,"7":9,"8":9},"b":{},"f":{"1":6,"2":1,"3":9},"fnMap":{"1":{"name":"constructor","line":14,"loc":{"start":{"line":14,"column":4},"end":{"line":14,"column":31}}},"2":{"name":"uri","line":16,"loc":{"start":{"line":16,"column":4},"end":{"line":24,"column":4}}},"3":{"name":"mint","line":29,"loc":{"start":{"line":29,"column":4},"end":{"line":40,"column":4}}}},"statementMap":{"1":{"start":{"line":23,"column":8},"end":{"line":23,"column":64}},"2":{"start":{"line":33,"column":8},"end":{"line":33,"column":59}},"3":{"start":{"line":34,"column":8},"end":{"line":34,"column":31}},"4":{"start":{"line":35,"column":8},"end":{"line":35,"column":34}},"5":{"start":{"line":36,"column":8},"end":{"line":36,"column":32}},"6":{"start":{"line":37,"column":8},"end":{"line":37,"column":43}},"7":{"start":{"line":38,"column":8},"end":{"line":38,"column":30}},"8":{"start":{"line":39,"column":8},"end":{"line":39,"column":40}}},"branchMap":{}},"contracts/ERC20/interfaces/DaiToken.sol":{"l":{},"path":"/home/racso/Programming/nft-marketplace/contracts/ERC20/interfaces/DaiToken.sol","s":{},"b":{},"f":{},"fnMap":{},"statementMap":{},"branchMap":{}},"contracts/ERC20/Token.sol":{"l":{"7":3},"path":"/home/racso/Programming/nft-marketplace/contracts/ERC20/Token.sol","s":{"1":3},"b":{},"f":{"1":3},"fnMap":{"1":{"name":"constructor","line":6,"loc":{"start":{"line":6,"column":2},"end":{"line":8,"column":2}}}},"statementMap":{"1":{"start":{"line":7,"column":4},"end":{"line":7,"column":33}}},"branchMap":{}},"contracts/ERC20/TokenSale.sol":{"l":{"14":3,"15":3,"23":3,"26":2,"28":1,"30":1,"32":1,"37":1,"38":1},"path":"/home/racso/Programming/nft-marketplace/contracts/ERC20/TokenSale.sol","s":{"1":3,"2":3,"3":3,"4":2,"5":1,"6":1,"7":1,"8":1,"9":1},"b":{"1":[2,1],"2":[1,1],"3":[1,0],"4":[1,0]},"f":{"1":3,"2":3,"3":1},"fnMap":{"1":{"name":"constructor","line":13,"loc":{"start":{"line":13,"column":2},"end":{"line":16,"column":2}}},"2":{"name":"buyTokens","line":21,"loc":{"start":{"line":21,"column":2},"end":{"line":34,"column":2}}},"3":{"name":"endSale","line":36,"loc":{"start":{"line":36,"column":2},"end":{"line":39,"column":2}}}},"statementMap":{"1":{"start":{"line":14,"column":4},"end":{"line":14,"column":33}},"2":{"start":{"line":15,"column":4},"end":{"line":15,"column":27}},"3":{"start":{"line":23,"column":4},"end":{"line":23,"column":75}},"4":{"start":{"line":26,"column":4},"end":{"line":26,"column":114}},"5":{"start":{"line":28,"column":4},"end":{"line":28,"column":62}},"6":{"start":{"line":30,"column":4},"end":{"line":30,"column":32}},"7":{"start":{"line":32,"column":4},"end":{"line":32,"column":41}},"8":{"start":{"line":37,"column":4},"end":{"line":37,"column":82}},"9":{"start":{"line":38,"column":4},"end":{"line":38,"column":33}}},"branchMap":{"1":{"line":23,"type":"if","locations":[{"start":{"line":23,"column":4},"end":{"line":23,"column":4}},{"start":{"line":23,"column":4},"end":{"line":23,"column":4}}]},"2":{"line":26,"type":"if","locations":[{"start":{"line":26,"column":4},"end":{"line":26,"column":4}},{"start":{"line":26,"column":4},"end":{"line":26,"column":4}}]},"3":{"line":28,"type":"if","locations":[{"start":{"line":28,"column":4},"end":{"line":28,"column":4}},{"start":{"line":28,"column":4},"end":{"line":28,"column":4}}]},"4":{"line":37,"type":"if","locations":[{"start":{"line":37,"column":4},"end":{"line":37,"column":4}},{"start":{"line":37,"column":4},"end":{"line":37,"column":4}}]}}},"contracts/Marketplace.sol":{"l":{"28":4,"33":3,"35":3,"48":3,"49":3,"50":3,"51":3,"62":0,"69":1,"76":1,"86":8,"87":7,"91":6,"92":6,"93":6,"94":6,"95":6,"96":6,"97":6,"99":6,"100":6,"104":3,"107":0,"109":0,"110":0,"111":0,"112":0,"113":0,"114":0,"116":0,"120":0,"123":0,"124":0,"125":0,"126":0,"130":0,"132":0},"path":"/home/racso/Programming/nft-marketplace/contracts/Marketplace.sol","s":{"1":4,"2":3,"3":3,"4":3,"5":3,"6":3,"7":0,"8":1,"9":1,"10":8,"11":7,"12":6,"13":6,"14":6,"15":6,"16":6,"17":6,"18":6,"19":6,"20":6,"21":3,"22":0,"23":0,"24":0,"25":0,"26":0,"27":0,"28":0,"29":0,"30":0,"31":0,"32":0,"33":0,"34":0,"35":0,"36":0},"b":{"1":[3,1],"2":[3,0],"3":[7,1],"4":[6,1],"5":[0,0],"6":[0,0],"7":[0,0]},"f":{"1":4,"2":3,"3":0,"4":1,"5":1,"6":8,"7":3,"8":0},"fnMap":{"1":{"name":"isPosibleToBuy","line":27,"loc":{"start":{"line":27,"column":4},"end":{"line":36,"column":4}}},"2":{"name":"initialize","line":47,"loc":{"start":{"line":43,"column":4},"end":{"line":52,"column":4}}},"3":{"name":"reinitialize","line":60,"loc":{"start":{"line":57,"column":4},"end":{"line":63,"column":4}}},"4":{"name":"setTaxRate","line":67,"loc":{"start":{"line":65,"column":4},"end":{"line":70,"column":4}}},"5":{"name":"setRecipient","line":74,"loc":{"start":{"line":72,"column":4},"end":{"line":77,"column":4}}},"6":{"name":"unlockForSale","line":80,"loc":{"start":{"line":80,"column":4},"end":{"line":101,"column":4}}},"7":{"name":"buyEth","line":103,"loc":{"start":{"line":103,"column":4},"end":{"line":117,"column":4}}},"8":{"name":"buyDai","line":119,"loc":{"start":{"line":119,"column":4},"end":{"line":133,"column":4}}}},"statementMap":{"1":{"start":{"line":28,"column":8},"end":{"line":28,"column":829}},"2":{"start":{"line":33,"column":8},"end":{"line":33,"column":53}},"3":{"start":{"line":48,"column":8},"end":{"line":48,"column":25}},"4":{"start":{"line":49,"column":8},"end":{"line":49,"column":49}},"5":{"start":{"line":50,"column":8},"end":{"line":50,"column":28}},"6":{"start":{"line":51,"column":8},"end":{"line":51,"column":32}},"7":{"start":{"line":62,"column":8},"end":{"line":62,"column":25}},"8":{"start":{"line":69,"column":8},"end":{"line":69,"column":28}},"9":{"start":{"line":76,"column":8},"end":{"line":76,"column":32}},"10":{"start":{"line":86,"column":8},"end":{"line":86,"column":54}},"11":{"start":{"line":87,"column":8},"end":{"line":87,"column":2375}},"12":{"start":{"line":91,"column":8},"end":{"line":91,"column":27}},"13":{"start":{"line":92,"column":8},"end":{"line":92,"column":33}},"14":{"start":{"line":93,"column":8},"end":{"line":93,"column":31}},"15":{"start":{"line":94,"column":8},"end":{"line":94,"column":35}},"16":{"start":{"line":95,"column":8},"end":{"line":95,"column":35}},"17":{"start":{"line":96,"column":8},"end":{"line":96,"column":42}},"18":{"start":{"line":97,"column":8},"end":{"line":97,"column":46}},"19":{"start":{"line":99,"column":8},"end":{"line":99,"column":31}},"20":{"start":{"line":100,"column":8},"end":{"line":100,"column":41}},"21":{"start":{"line":104,"column":8},"end":{"line":104,"column":51}},"22":{"start":{"line":107,"column":8},"end":{"line":107,"column":64}},"23":{"start":{"line":109,"column":8},"end":{"line":109,"column":48}},"24":{"start":{"line":110,"column":8},"end":{"line":110,"column":76}},"25":{"start":{"line":111,"column":8},"end":{"line":111,"column":60}},"26":{"start":{"line":112,"column":8},"end":{"line":112,"column":54}},"27":{"start":{"line":113,"column":8},"end":{"line":113,"column":3444}},"28":{"start":{"line":114,"column":12},"end":{"line":114,"column":70}},"29":{"start":{"line":116,"column":8},"end":{"line":116,"column":33}},"30":{"start":{"line":120,"column":8},"end":{"line":120,"column":51}},"31":{"start":{"line":123,"column":8},"end":{"line":123,"column":64}},"32":{"start":{"line":124,"column":8},"end":{"line":124,"column":48}},"33":{"start":{"line":125,"column":8},"end":{"line":125,"column":76}},"34":{"start":{"line":126,"column":8},"end":{"line":126,"column":3921}},"35":{"start":{"line":130,"column":8},"end":{"line":130,"column":64}},"36":{"start":{"line":132,"column":8},"end":{"line":132,"column":33}}},"branchMap":{"1":{"line":28,"type":"if","locations":[{"start":{"line":28,"column":8},"end":{"line":28,"column":8}},{"start":{"line":28,"column":8},"end":{"line":28,"column":8}}]},"2":{"line":33,"type":"if","locations":[{"start":{"line":33,"column":8},"end":{"line":33,"column":8}},{"start":{"line":33,"column":8},"end":{"line":33,"column":8}}]},"3":{"line":86,"type":"if","locations":[{"start":{"line":86,"column":8},"end":{"line":86,"column":8}},{"start":{"line":86,"column":8},"end":{"line":86,"column":8}}]},"4":{"line":87,"type":"if","locations":[{"start":{"line":87,"column":8},"end":{"line":87,"column":8}},{"start":{"line":87,"column":8},"end":{"line":87,"column":8}}]},"5":{"line":111,"type":"if","locations":[{"start":{"line":111,"column":8},"end":{"line":111,"column":8}},{"start":{"line":111,"column":8},"end":{"line":111,"column":8}}]},"6":{"line":113,"type":"if","locations":[{"start":{"line":113,"column":8},"end":{"line":113,"column":8}},{"start":{"line":113,"column":8},"end":{"line":113,"column":8}}]},"7":{"line":126,"type":"if","locations":[{"start":{"line":126,"column":8},"end":{"line":126,"column":8}},{"start":{"line":126,"column":8},"end":{"line":126,"column":8}}]}}},"contracts/utils/Payment.sol":{"l":{"10":3},"path":"/home/racso/Programming/nft-marketplace/contracts/utils/Payment.sol","s":{"1":3},"b":{},"f":{"1":3},"fnMap":{"1":{"name":"constructor","line":9,"loc":{"start":{"line":9,"column":4},"end":{"line":11,"column":4}}}},"statementMap":{"1":{"start":{"line":10,"column":8},"end":{"line":10,"column":70}}},"branchMap":{}},"contracts/utils/PriceConsumer.sol":{"l":{"26":3,"29":3,"32":3,"41":3,"48":0,"56":0,"63":0,"71":0,"78":0},"path":"/home/racso/Programming/nft-marketplace/contracts/utils/PriceConsumer.sol","s":{"1":3,"2":3,"3":3,"4":3,"5":0,"6":0,"7":0,"8":0,"9":0},"b":{},"f":{"1":3,"2":3,"3":0,"4":0},"fnMap":{"1":{"name":"constructor","line":25,"loc":{"start":{"line":25,"column":4},"end":{"line":35,"column":4}}},"2":{"name":"getLatestPriceEthToUsd","line":40,"loc":{"start":{"line":40,"column":4},"end":{"line":49,"column":4}}},"3":{"name":"getLatestPriceDaiToUsd","line":55,"loc":{"start":{"line":55,"column":4},"end":{"line":64,"column":4}}},"4":{"name":"getLatestPriceLinkToUsd","line":70,"loc":{"start":{"line":70,"column":4},"end":{"line":79,"column":4}}}},"statementMap":{"1":{"start":{"line":26,"column":8},"end":{"line":26,"column":725}},"2":{"start":{"line":29,"column":8},"end":{"line":29,"column":837}},"3":{"start":{"line":32,"column":8},"end":{"line":32,"column":949}},"4":{"start":{"line":41,"column":8},"end":{"line":41,"column":1234}},"5":{"start":{"line":48,"column":8},"end":{"line":48,"column":29}},"6":{"start":{"line":56,"column":8},"end":{"line":56,"column":1609}},"7":{"start":{"line":63,"column":8},"end":{"line":63,"column":29}},"8":{"start":{"line":71,"column":8},"end":{"line":71,"column":1987}},"9":{"start":{"line":78,"column":8},"end":{"line":78,"column":29}}},"branchMap":{}},"contracts/utils/RoleManagement.sol":{"l":{"6":1,"10":2},"path":"/home/racso/Programming/nft-marketplace/contracts/utils/RoleManagement.sol","s":{"1":1,"2":2},"b":{},"f":{"1":1,"2":2},"fnMap":{"1":{"name":"becomeAdmin","line":5,"loc":{"start":{"line":5,"column":4},"end":{"line":7,"column":4}}},"2":{"name":"isAdmin","line":9,"loc":{"start":{"line":9,"column":4},"end":{"line":11,"column":4}}}},"statementMap":{"1":{"start":{"line":6,"column":8},"end":{"line":6,"column":44}},"2":{"start":{"line":10,"column":8},"end":{"line":10,"column":49}}},"branchMap":{}},"contracts/utils/TaxManagement.sol":{"l":{"8":4,"12":4},"path":"/home/racso/Programming/nft-marketplace/contracts/utils/TaxManagement.sol","s":{"1":4,"2":4},"b":{},"f":{"1":4,"2":4},"fnMap":{"1":{"name":"_setRecipient","line":7,"loc":{"start":{"line":7,"column":4},"end":{"line":9,"column":4}}},"2":{"name":"_setTaxRate","line":11,"loc":{"start":{"line":11,"column":4},"end":{"line":13,"column":4}}}},"statementMap":{"1":{"start":{"line":8,"column":8},"end":{"line":8,"column":29}},"2":{"start":{"line":12,"column":8},"end":{"line":12,"column":25}}},"branchMap":{}}}