{
"contracts/ERC1155/ERC1155.sol":{"l":{"23":1,"33":12,"34":12,"35":12,"36":12,"37":12,"38":12,"39":12},"path":"/home/racso/Programming/nft-marketplace/contracts/ERC1155/ERC1155.sol","s":{"1":1,"2":12,"3":12,"4":12,"5":12,"6":12,"7":12,"8":12},"b":{},"f":{"1":6,"2":1,"3":12},"fnMap":{"1":{"name":"constructor","line":14,"loc":{"start":{"line":14,"column":4},"end":{"line":14,"column":31}}},"2":{"name":"uri","line":16,"loc":{"start":{"line":16,"column":4},"end":{"line":24,"column":4}}},"3":{"name":"mint","line":29,"loc":{"start":{"line":29,"column":4},"end":{"line":40,"column":4}}}},"statementMap":{"1":{"start":{"line":23,"column":8},"end":{"line":23,"column":64}},"2":{"start":{"line":33,"column":8},"end":{"line":33,"column":59}},"3":{"start":{"line":34,"column":8},"end":{"line":34,"column":31}},"4":{"start":{"line":35,"column":8},"end":{"line":35,"column":34}},"5":{"start":{"line":36,"column":8},"end":{"line":36,"column":32}},"6":{"start":{"line":37,"column":8},"end":{"line":37,"column":43}},"7":{"start":{"line":38,"column":8},"end":{"line":38,"column":30}},"8":{"start":{"line":39,"column":8},"end":{"line":39,"column":40}}},"branchMap":{}},
"contracts/ERC20/interfaces/DaiToken.sol":{"l":{},"path":"/home/racso/Programming/nft-marketplace/contracts/ERC20/interfaces/DaiToken.sol","s":{},"b":{},"f":{},"fnMap":{},"statementMap":{},"branchMap":{}},
"contracts/ERC20/Token.sol":{"l":{"7":3},"path":"/home/racso/Programming/nft-marketplace/contracts/ERC20/Token.sol","s":{"1":3},"b":{},"f":{"1":3},"fnMap":{"1":{"name":"constructor","line":6,"loc":{"start":{"line":6,"column":2},"end":{"line":8,"column":2}}}},"statementMap":{"1":{"start":{"line":7,"column":4},"end":{"line":7,"column":33}}},"branchMap":{}},
"contracts/ERC20/TokenSale.sol":{"l":{"14":3,"15":3,"23":3,"26":2,"28":1,"30":1,"32":1,"37":1,"38":1},"path":"/home/racso/Programming/nft-marketplace/contracts/ERC20/TokenSale.sol","s":{"1":3,"2":3,"3":3,"4":2,"5":1,"6":1,"7":1,"8":1,"9":1},"b":{"1":[2,1],"2":[1,1],"3":[1,0],"4":[1,0]},"f":{"1":3,"2":3,"3":1},"fnMap":{"1":{"name":"constructor","line":13,"loc":{"start":{"line":13,"column":2},"end":{"line":16,"column":2}}},"2":{"name":"buyTokens","line":21,"loc":{"start":{"line":21,"column":2},"end":{"line":34,"column":2}}},"3":{"name":"endSale","line":36,"loc":{"start":{"line":36,"column":2},"end":{"line":39,"column":2}}}},"statementMap":{"1":{"start":{"line":14,"column":4},"end":{"line":14,"column":33}},"2":{"start":{"line":15,"column":4},"end":{"line":15,"column":27}},"3":{"start":{"line":23,"column":4},"end":{"line":23,"column":75}},"4":{"start":{"line":26,"column":4},"end":{"line":26,"column":114}},"5":{"start":{"line":28,"column":4},"end":{"line":28,"column":62}},"6":{"start":{"line":30,"column":4},"end":{"line":30,"column":32}},"7":{"start":{"line":32,"column":4},"end":{"line":32,"column":41}},"8":{"start":{"line":37,"column":4},"end":{"line":37,"column":82}},"9":{"start":{"line":38,"column":4},"end":{"line":38,"column":33}}},"branchMap":{"1":{"line":23,"type":"if","locations":[{"start":{"line":23,"column":4},"end":{"line":23,"column":4}},{"start":{"line":23,"column":4},"end":{"line":23,"column":4}}]},"2":{"line":26,"type":"if","locations":[{"start":{"line":26,"column":4},"end":{"line":26,"column":4}},{"start":{"line":26,"column":4},"end":{"line":26,"column":4}}]},"3":{"line":28,"type":"if","locations":[{"start":{"line":28,"column":4},"end":{"line":28,"column":4}},{"start":{"line":28,"column":4},"end":{"line":28,"column":4}}]},"4":{"line":37,"type":"if","locations":[{"start":{"line":37,"column":4},"end":{"line":37,"column":4}},{"start":{"line":37,"column":4},"end":{"line":37,"column":4}}]}}},
"contracts/Marketplace.sol":{"l":{"43":6,"48":5,"49":4,"51":3,"64":3,"65":3,"66":3,"67":3,"68":3,"71":3,"74":3,"78":3,"79":3,"90":0,"100":1,"110":1,"120":11,"121":10,"125":9,"126":9,"127":9,"128":9,"129":9,"130":9,"131":9,"132":9,"134":9,"135":9,"139":2,"140":2,"144":3,"147":3,"148":3,"149":2,"150":2,"151":2,"152":2,"153":2,"155":2,"159":0,"162":0,"163":0,"164":0,"165":0,"167":0,"171":0,"174":0,"175":0,"176":0,"177":0,"179":0},"path":"/home/racso/Programming/nft-marketplace/contracts/Marketplace.sol","s":{"1":6,"2":5,"3":4,"4":3,"5":3,"6":3,"7":3,"8":3,"9":3,"10":3,"11":3,"12":3,"13":0,"14":1,"15":1,"16":11,"17":10,"18":9,"19":9,"20":9,"21":9,"22":9,"23":9,"24":9,"25":9,"26":9,"27":9,"28":2,"29":2,"30":3,"31":3,"32":3,"33":2,"34":2,"35":2,"36":2,"37":2,"38":2,"39":0,"40":0,"41":0,"42":0,"43":0,"44":0,"45":0,"46":0,"47":0,"48":0,"49":0,"50":0},"b":{"1":[5,1],"2":[4,1],"3":[3,1],"4":[10,1],"5":[9,1],"6":[2,0],"7":[2,1],"8":[2,0]},"f":{"1":6,"2":3,"3":0,"4":1,"5":1,"6":11,"7":2,"8":3,"9":0,"10":0},"fnMap":{"1":{"name":"isPosibleToBuy","line":42,"loc":{"start":{"line":42,"column":4},"end":{"line":52,"column":4}}},"2":{"name":"initialize","line":63,"loc":{"start":{"line":59,"column":4},"end":{"line":80,"column":4}}},"3":{"name":"reinitialize","line":88,"loc":{"start":{"line":85,"column":4},"end":{"line":91,"column":4}}},"4":{"name":"setTaxRate","line":98,"loc":{"start":{"line":96,"column":4},"end":{"line":101,"column":4}}},"5":{"name":"setRecipient","line":108,"loc":{"start":{"line":106,"column":4},"end":{"line":111,"column":4}}},"6":{"name":"unlockForSale","line":114,"loc":{"start":{"line":114,"column":4},"end":{"line":136,"column":4}}},"7":{"name":"cancelSell","line":138,"loc":{"start":{"line":138,"column":4},"end":{"line":141,"column":4}}},"8":{"name":"buyEth","line":143,"loc":{"start":{"line":143,"column":4},"end":{"line":156,"column":4}}},"9":{"name":"buyDai","line":158,"loc":{"start":{"line":158,"column":4},"end":{"line":168,"column":4}}},"10":{"name":"buyLink","line":170,"loc":{"start":{"line":170,"column":4},"end":{"line":180,"column":4}}}},"statementMap":{"1":{"start":{"line":43,"column":8},"end":{"line":43,"column":1188}},"2":{"start":{"line":48,"column":8},"end":{"line":48,"column":53}},"3":{"start":{"line":49,"column":8},"end":{"line":49,"column":60}},"4":{"start":{"line":64,"column":8},"end":{"line":64,"column":25}},"5":{"start":{"line":65,"column":8},"end":{"line":65,"column":49}},"6":{"start":{"line":66,"column":8},"end":{"line":66,"column":28}},"7":{"start":{"line":67,"column":8},"end":{"line":67,"column":32}},"8":{"start":{"line":68,"column":8},"end":{"line":68,"column":1960}},"9":{"start":{"line":71,"column":8},"end":{"line":71,"column":2072}},"10":{"start":{"line":74,"column":8},"end":{"line":74,"column":2184}},"11":{"start":{"line":78,"column":8},"end":{"line":78,"column":68}},"12":{"start":{"line":79,"column":8},"end":{"line":79,"column":69}},"13":{"start":{"line":90,"column":8},"end":{"line":90,"column":25}},"14":{"start":{"line":100,"column":8},"end":{"line":100,"column":28}},"15":{"start":{"line":110,"column":8},"end":{"line":110,"column":32}},"16":{"start":{"line":120,"column":8},"end":{"line":120,"column":54}},"17":{"start":{"line":121,"column":8},"end":{"line":121,"column":3458}},"18":{"start":{"line":125,"column":8},"end":{"line":125,"column":27}},"19":{"start":{"line":126,"column":8},"end":{"line":126,"column":33}},"20":{"start":{"line":127,"column":8},"end":{"line":127,"column":31}},"21":{"start":{"line":128,"column":8},"end":{"line":128,"column":44}},"22":{"start":{"line":129,"column":8},"end":{"line":129,"column":35}},"23":{"start":{"line":130,"column":8},"end":{"line":130,"column":42}},"24":{"start":{"line":131,"column":8},"end":{"line":131,"column":33}},"25":{"start":{"line":132,"column":8},"end":{"line":132,"column":46}},"26":{"start":{"line":134,"column":8},"end":{"line":134,"column":31}},"27":{"start":{"line":135,"column":8},"end":{"line":135,"column":41}},"28":{"start":{"line":139,"column":8},"end":{"line":139,"column":76}},"29":{"start":{"line":140,"column":8},"end":{"line":140,"column":38}},"30":{"start":{"line":144,"column":8},"end":{"line":144,"column":51}},"31":{"start":{"line":147,"column":8},"end":{"line":147,"column":66}},"32":{"start":{"line":148,"column":8},"end":{"line":148,"column":60}},"33":{"start":{"line":149,"column":8},"end":{"line":149,"column":48}},"34":{"start":{"line":150,"column":8},"end":{"line":150,"column":76}},"35":{"start":{"line":151,"column":8},"end":{"line":151,"column":54}},"36":{"start":{"line":152,"column":8},"end":{"line":152,"column":4766}},"37":{"start":{"line":153,"column":12},"end":{"line":153,"column":70}},"38":{"start":{"line":155,"column":8},"end":{"line":155,"column":33}},"39":{"start":{"line":159,"column":8},"end":{"line":159,"column":51}},"40":{"start":{"line":162,"column":8},"end":{"line":162,"column":66}},"41":{"start":{"line":163,"column":8},"end":{"line":163,"column":48}},"42":{"start":{"line":164,"column":8},"end":{"line":164,"column":76}},"43":{"start":{"line":165,"column":8},"end":{"line":165,"column":64}},"44":{"start":{"line":167,"column":8},"end":{"line":167,"column":33}},"45":{"start":{"line":171,"column":8},"end":{"line":171,"column":52}},"46":{"start":{"line":174,"column":8},"end":{"line":174,"column":66}},"47":{"start":{"line":175,"column":8},"end":{"line":175,"column":48}},"48":{"start":{"line":176,"column":8},"end":{"line":176,"column":76}},"49":{"start":{"line":177,"column":8},"end":{"line":177,"column":65}},"50":{"start":{"line":179,"column":8},"end":{"line":179,"column":33}}},"branchMap":{"1":{"line":43,"type":"if","locations":[{"start":{"line":43,"column":8},"end":{"line":43,"column":8}},{"start":{"line":43,"column":8},"end":{"line":43,"column":8}}]},"2":{"line":48,"type":"if","locations":[{"start":{"line":48,"column":8},"end":{"line":48,"column":8}},{"start":{"line":48,"column":8},"end":{"line":48,"column":8}}]},"3":{"line":49,"type":"if","locations":[{"start":{"line":49,"column":8},"end":{"line":49,"column":8}},{"start":{"line":49,"column":8},"end":{"line":49,"column":8}}]},"4":{"line":120,"type":"if","locations":[{"start":{"line":120,"column":8},"end":{"line":120,"column":8}},{"start":{"line":120,"column":8},"end":{"line":120,"column":8}}]},"5":{"line":121,"type":"if","locations":[{"start":{"line":121,"column":8},"end":{"line":121,"column":8}},{"start":{"line":121,"column":8},"end":{"line":121,"column":8}}]},"6":{"line":139,"type":"if","locations":[{"start":{"line":139,"column":8},"end":{"line":139,"column":8}},{"start":{"line":139,"column":8},"end":{"line":139,"column":8}}]},"7":{"line":148,"type":"if","locations":[{"start":{"line":148,"column":8},"end":{"line":148,"column":8}},{"start":{"line":148,"column":8},"end":{"line":148,"column":8}}]},"8":{"line":152,"type":"if","locations":[{"start":{"line":152,"column":8},"end":{"line":152,"column":8}},{"start":{"line":152,"column":8},"end":{"line":152,"column":8}}]}}},
"contracts/utils/PriceConsumer.sol":{"l":{"16":3,"23":3,"31":0,"38":0,"46":0,"53":0},"path":"/home/racso/Programming/nft-marketplace/contracts/utils/PriceConsumer.sol","s":{"1":3,"2":3,"3":0,"4":0,"5":0,"6":0},"b":{},"f":{"1":3,"2":0,"3":0},"fnMap":{"1":{"name":"getLatestPriceEthToUsd","line":15,"loc":{"start":{"line":15,"column":4},"end":{"line":24,"column":4}}},"2":{"name":"getLatestPriceDaiToUsd","line":30,"loc":{"start":{"line":30,"column":4},"end":{"line":39,"column":4}}},"3":{"name":"getLatestPriceLinkToUsd","line":45,"loc":{"start":{"line":45,"column":4},"end":{"line":54,"column":4}}}},"statementMap":{"1":{"start":{"line":16,"column":8},"end":{"line":16,"column":569}},"2":{"start":{"line":23,"column":8},"end":{"line":23,"column":38}},"3":{"start":{"line":31,"column":8},"end":{"line":31,"column":953}},"4":{"start":{"line":38,"column":8},"end":{"line":38,"column":38}},"5":{"start":{"line":46,"column":8},"end":{"line":46,"column":1340}},"6":{"start":{"line":53,"column":8},"end":{"line":53,"column":38}}},"branchMap":{}},
"contracts/utils/RoleManagement.sol":{"l":{"6":1,"10":2},"path":"/home/racso/Programming/nft-marketplace/contracts/utils/RoleManagement.sol","s":{"1":1,"2":2},"b":{},"f":{"1":1,"2":2},"fnMap":{"1":{"name":"becomeAdmin","line":5,"loc":{"start":{"line":5,"column":4},"end":{"line":7,"column":4}}},"2":{"name":"isAdmin","line":9,"loc":{"start":{"line":9,"column":4},"end":{"line":11,"column":4}}}},"statementMap":{"1":{"start":{"line":6,"column":8},"end":{"line":6,"column":44}},"2":{"start":{"line":10,"column":8},"end":{"line":10,"column":49}}},"branchMap":{}},
"contracts/utils/TaxManagement.sol":{"l":{"8":4,"12":4},"path":"/home/racso/Programming/nft-marketplace/contracts/utils/TaxManagement.sol","s":{"1":4,"2":4},"b":{},"f":{"1":4,"2":4},"fnMap":{"1":{"name":"_setRecipient","line":7,"loc":{"start":{"line":7,"column":4},"end":{"line":9,"column":4}}},"2":{"name":"_setTaxRate","line":11,"loc":{"start":{"line":11,"column":4},"end":{"line":13,"column":4}}}},"statementMap":{"1":{"start":{"line":8,"column":8},"end":{"line":8,"column":29}},"2":{"start":{"line":12,"column":8},"end":{"line":12,"column":25}}},"branchMap":{}}}
