{
"contracts/ERC1155/ERC1155.sol":{"l":{"23":1,"33":17,"34":17,"35":17,"36":17,"37":17,"38":17,"39":17},"path":"/home/racso/Programming/nft-marketplace/contracts/ERC1155/ERC1155.sol","s":{"1":1,"2":17,"3":17,"4":17,"5":17,"6":17,"7":17,"8":17},"b":{},"f":{"1":6,"2":1,"3":17},"fnMap":{"1":{"name":"constructor","line":14,"loc":{"start":{"line":14,"column":4},"end":{"line":14,"column":31}}},"2":{"name":"uri","line":16,"loc":{"start":{"line":16,"column":4},"end":{"line":24,"column":4}}},"3":{"name":"mint","line":29,"loc":{"start":{"line":29,"column":4},"end":{"line":40,"column":4}}}},"statementMap":{"1":{"start":{"line":23,"column":8},"end":{"line":23,"column":64}},"2":{"start":{"line":33,"column":8},"end":{"line":33,"column":59}},"3":{"start":{"line":34,"column":8},"end":{"line":34,"column":31}},"4":{"start":{"line":35,"column":8},"end":{"line":35,"column":34}},"5":{"start":{"line":36,"column":8},"end":{"line":36,"column":32}},"6":{"start":{"line":37,"column":8},"end":{"line":37,"column":43}},"7":{"start":{"line":38,"column":8},"end":{"line":38,"column":30}},"8":{"start":{"line":39,"column":8},"end":{"line":39,"column":40}}},"branchMap":{}},
"contracts/ERC20/interfaces/DaiToken.sol":{"l":{},"path":"/home/racso/Programming/nft-marketplace/contracts/ERC20/interfaces/DaiToken.sol","s":{},"b":{},"f":{},"fnMap":{},"statementMap":{},"branchMap":{}},
"contracts/ERC20/Token.sol":{"l":{"7":3},"path":"/home/racso/Programming/nft-marketplace/contracts/ERC20/Token.sol","s":{"1":3},"b":{},"f":{"1":3},"fnMap":{"1":{"name":"constructor","line":6,"loc":{"start":{"line":6,"column":2},"end":{"line":8,"column":2}}}},"statementMap":{"1":{"start":{"line":7,"column":4},"end":{"line":7,"column":33}}},"branchMap":{}},
"contracts/ERC20/TokenSale.sol":{"l":{"14":3,"15":3,"23":3,"26":2,"28":1,"30":1,"32":1,"37":1,"38":1},"path":"/home/racso/Programming/nft-marketplace/contracts/ERC20/TokenSale.sol","s":{"1":3,"2":3,"3":3,"4":2,"5":1,"6":1,"7":1,"8":1,"9":1},"b":{"1":[2,1],"2":[1,1],"3":[1,0],"4":[1,0]},"f":{"1":3,"2":3,"3":1},"fnMap":{"1":{"name":"constructor","line":13,"loc":{"start":{"line":13,"column":2},"end":{"line":16,"column":2}}},"2":{"name":"buyTokens","line":21,"loc":{"start":{"line":21,"column":2},"end":{"line":34,"column":2}}},"3":{"name":"endSale","line":36,"loc":{"start":{"line":36,"column":2},"end":{"line":39,"column":2}}}},"statementMap":{"1":{"start":{"line":14,"column":4},"end":{"line":14,"column":33}},"2":{"start":{"line":15,"column":4},"end":{"line":15,"column":27}},"3":{"start":{"line":23,"column":4},"end":{"line":23,"column":75}},"4":{"start":{"line":26,"column":4},"end":{"line":26,"column":114}},"5":{"start":{"line":28,"column":4},"end":{"line":28,"column":62}},"6":{"start":{"line":30,"column":4},"end":{"line":30,"column":32}},"7":{"start":{"line":32,"column":4},"end":{"line":32,"column":41}},"8":{"start":{"line":37,"column":4},"end":{"line":37,"column":82}},"9":{"start":{"line":38,"column":4},"end":{"line":38,"column":33}}},"branchMap":{"1":{"line":23,"type":"if","locations":[{"start":{"line":23,"column":4},"end":{"line":23,"column":4}},{"start":{"line":23,"column":4},"end":{"line":23,"column":4}}]},"2":{"line":26,"type":"if","locations":[{"start":{"line":26,"column":4},"end":{"line":26,"column":4}},{"start":{"line":26,"column":4},"end":{"line":26,"column":4}}]},"3":{"line":28,"type":"if","locations":[{"start":{"line":28,"column":4},"end":{"line":28,"column":4}},{"start":{"line":28,"column":4},"end":{"line":28,"column":4}}]},"4":{"line":37,"type":"if","locations":[{"start":{"line":37,"column":4},"end":{"line":37,"column":4}},{"start":{"line":37,"column":4},"end":{"line":37,"column":4}}]}}},
"contracts/Marketplace.sol":{"l":{"43":13,"48":12,"49":11,"51":10,"67":3,"68":3,"69":3,"70":3,"71":3,"74":3,"77":3,"81":3,"82":3,"93":0,"103":1,"113":1,"123":16,"124":15,"128":14,"129":14,"130":14,"131":14,"132":14,"133":14,"134":14,"135":14,"137":14,"138":14,"139":14,"143":2,"144":2,"145":2,"149":4,"152":4,"153":4,"154":4,"155":3,"156":3,"157":3,"158":3,"159":3,"161":3,"162":3,"166":3,"169":3,"170":3,"171":3,"172":3,"173":3,"175":2,"176":2,"180":3,"183":3,"184":3,"185":3,"186":3,"187":3,"189":0,"190":0},"path":"/home/racso/Programming/nft-marketplace/contracts/Marketplace.sol","s":{"1":13,"2":12,"3":11,"4":3,"5":3,"6":3,"7":3,"8":3,"9":3,"10":3,"11":3,"12":3,"13":0,"14":1,"15":1,"16":16,"17":15,"18":14,"19":14,"20":14,"21":14,"22":14,"23":14,"24":14,"25":14,"26":14,"27":14,"28":14,"29":2,"30":2,"31":2,"32":4,"33":4,"34":4,"35":4,"36":3,"37":3,"38":3,"39":3,"40":3,"41":3,"42":3,"43":3,"44":3,"45":3,"46":3,"47":2,"48":2,"49":3,"50":3,"51":3,"52":3,"53":3,"54":3,"55":0,"56":0},"b":{"1":[12,1],"2":[11,1],"3":[10,1],"4":[15,1],"5":[14,1],"6":[2,0],"7":[3,1],"8":[3,0]},"f":{"1":13,"2":3,"3":0,"4":1,"5":1,"6":16,"7":2,"8":4,"9":3,"10":3},"fnMap":{"1":{"name":"isPosibleToBuy","line":42,"loc":{"start":{"line":42,"column":4},"end":{"line":52,"column":4}}},"2":{"name":"initialize","line":66,"loc":{"start":{"line":62,"column":4},"end":{"line":83,"column":4}}},"3":{"name":"reinitialize","line":91,"loc":{"start":{"line":88,"column":4},"end":{"line":94,"column":4}}},"4":{"name":"setTaxRate","line":101,"loc":{"start":{"line":99,"column":4},"end":{"line":104,"column":4}}},"5":{"name":"setRecipient","line":111,"loc":{"start":{"line":109,"column":4},"end":{"line":114,"column":4}}},"6":{"name":"unlockForSale","line":117,"loc":{"start":{"line":117,"column":4},"end":{"line":140,"column":4}}},"7":{"name":"cancelSell","line":142,"loc":{"start":{"line":142,"column":4},"end":{"line":146,"column":4}}},"8":{"name":"buyEth","line":148,"loc":{"start":{"line":148,"column":4},"end":{"line":163,"column":4}}},"9":{"name":"buyDai","line":165,"loc":{"start":{"line":165,"column":4},"end":{"line":177,"column":4}}},"10":{"name":"buyLink","line":179,"loc":{"start":{"line":179,"column":4},"end":{"line":191,"column":4}}}},"statementMap":{"1":{"start":{"line":43,"column":8},"end":{"line":43,"column":1188}},"2":{"start":{"line":48,"column":8},"end":{"line":48,"column":53}},"3":{"start":{"line":49,"column":8},"end":{"line":49,"column":60}},"4":{"start":{"line":67,"column":8},"end":{"line":67,"column":25}},"5":{"start":{"line":68,"column":8},"end":{"line":68,"column":49}},"6":{"start":{"line":69,"column":8},"end":{"line":69,"column":28}},"7":{"start":{"line":70,"column":8},"end":{"line":70,"column":32}},"8":{"start":{"line":71,"column":8},"end":{"line":71,"column":2133}},"9":{"start":{"line":74,"column":8},"end":{"line":74,"column":2245}},"10":{"start":{"line":77,"column":8},"end":{"line":77,"column":2357}},"11":{"start":{"line":81,"column":8},"end":{"line":81,"column":68}},"12":{"start":{"line":82,"column":8},"end":{"line":82,"column":69}},"13":{"start":{"line":93,"column":8},"end":{"line":93,"column":25}},"14":{"start":{"line":103,"column":8},"end":{"line":103,"column":28}},"15":{"start":{"line":113,"column":8},"end":{"line":113,"column":32}},"16":{"start":{"line":123,"column":8},"end":{"line":123,"column":54}},"17":{"start":{"line":124,"column":8},"end":{"line":124,"column":3631}},"18":{"start":{"line":128,"column":8},"end":{"line":128,"column":27}},"19":{"start":{"line":129,"column":8},"end":{"line":129,"column":33}},"20":{"start":{"line":130,"column":8},"end":{"line":130,"column":31}},"21":{"start":{"line":131,"column":8},"end":{"line":131,"column":47}},"22":{"start":{"line":132,"column":8},"end":{"line":132,"column":35}},"23":{"start":{"line":133,"column":8},"end":{"line":133,"column":42}},"24":{"start":{"line":134,"column":8},"end":{"line":134,"column":33}},"25":{"start":{"line":135,"column":8},"end":{"line":135,"column":46}},"26":{"start":{"line":137,"column":8},"end":{"line":137,"column":31}},"27":{"start":{"line":138,"column":8},"end":{"line":138,"column":63}},"28":{"start":{"line":139,"column":8},"end":{"line":139,"column":41}},"29":{"start":{"line":143,"column":8},"end":{"line":143,"column":76}},"30":{"start":{"line":144,"column":8},"end":{"line":144,"column":38}},"31":{"start":{"line":145,"column":8},"end":{"line":145,"column":44}},"32":{"start":{"line":149,"column":8},"end":{"line":149,"column":51}},"33":{"start":{"line":152,"column":8},"end":{"line":152,"column":75}},"34":{"start":{"line":153,"column":8},"end":{"line":153,"column":40}},"35":{"start":{"line":154,"column":8},"end":{"line":154,"column":60}},"36":{"start":{"line":155,"column":8},"end":{"line":155,"column":48}},"37":{"start":{"line":156,"column":8},"end":{"line":156,"column":54}},"38":{"start":{"line":158,"column":8},"end":{"line":158,"column":5075}},"39":{"start":{"line":161,"column":8},"end":{"line":161,"column":33}},"40":{"start":{"line":162,"column":8},"end":{"line":162,"column":59}},"41":{"start":{"line":166,"column":8},"end":{"line":166,"column":51}},"42":{"start":{"line":169,"column":8},"end":{"line":169,"column":75}},"43":{"start":{"line":170,"column":8},"end":{"line":170,"column":40}},"44":{"start":{"line":171,"column":8},"end":{"line":171,"column":48}},"45":{"start":{"line":172,"column":8},"end":{"line":172,"column":54}},"46":{"start":{"line":173,"column":8},"end":{"line":173,"column":64}},"47":{"start":{"line":175,"column":8},"end":{"line":175,"column":33}},"48":{"start":{"line":176,"column":8},"end":{"line":176,"column":59}},"49":{"start":{"line":180,"column":8},"end":{"line":180,"column":52}},"50":{"start":{"line":183,"column":8},"end":{"line":183,"column":75}},"51":{"start":{"line":184,"column":8},"end":{"line":184,"column":40}},"52":{"start":{"line":185,"column":8},"end":{"line":185,"column":48}},"53":{"start":{"line":186,"column":8},"end":{"line":186,"column":54}},"54":{"start":{"line":187,"column":8},"end":{"line":187,"column":65}},"55":{"start":{"line":189,"column":8},"end":{"line":189,"column":33}},"56":{"start":{"line":190,"column":8},"end":{"line":190,"column":59}}},"branchMap":{"1":{"line":43,"type":"if","locations":[{"start":{"line":43,"column":8},"end":{"line":43,"column":8}},{"start":{"line":43,"column":8},"end":{"line":43,"column":8}}]},"2":{"line":48,"type":"if","locations":[{"start":{"line":48,"column":8},"end":{"line":48,"column":8}},{"start":{"line":48,"column":8},"end":{"line":48,"column":8}}]},"3":{"line":49,"type":"if","locations":[{"start":{"line":49,"column":8},"end":{"line":49,"column":8}},{"start":{"line":49,"column":8},"end":{"line":49,"column":8}}]},"4":{"line":123,"type":"if","locations":[{"start":{"line":123,"column":8},"end":{"line":123,"column":8}},{"start":{"line":123,"column":8},"end":{"line":123,"column":8}}]},"5":{"line":124,"type":"if","locations":[{"start":{"line":124,"column":8},"end":{"line":124,"column":8}},{"start":{"line":124,"column":8},"end":{"line":124,"column":8}}]},"6":{"line":143,"type":"if","locations":[{"start":{"line":143,"column":8},"end":{"line":143,"column":8}},{"start":{"line":143,"column":8},"end":{"line":143,"column":8}}]},"7":{"line":154,"type":"if","locations":[{"start":{"line":154,"column":8},"end":{"line":154,"column":8}},{"start":{"line":154,"column":8},"end":{"line":154,"column":8}}]},"8":{"line":158,"type":"if","locations":[{"start":{"line":158,"column":8},"end":{"line":158,"column":8}},{"start":{"line":158,"column":8},"end":{"line":158,"column":8}}]}}},
"contracts/utils/PriceConsumer.sol":{"l":{"16":4,"17":4,"25":3,"26":3,"34":3,"35":3},"path":"/home/racso/Programming/nft-marketplace/contracts/utils/PriceConsumer.sol","s":{"1":4,"2":4,"3":3,"4":3,"5":3,"6":3},"b":{},"f":{"1":4,"2":3,"3":3},"fnMap":{"1":{"name":"getLatestPriceEthToUsd","line":15,"loc":{"start":{"line":15,"column":4},"end":{"line":18,"column":4}}},"2":{"name":"getLatestPriceDaiToUsd","line":24,"loc":{"start":{"line":24,"column":4},"end":{"line":27,"column":4}}},"3":{"name":"getLatestPriceLinkToUsd","line":33,"loc":{"start":{"line":33,"column":4},"end":{"line":36,"column":4}}}},"statementMap":{"1":{"start":{"line":16,"column":8},"end":{"line":16,"column":63}},"2":{"start":{"line":17,"column":8},"end":{"line":17,"column":29}},"3":{"start":{"line":25,"column":8},"end":{"line":25,"column":63}},"4":{"start":{"line":26,"column":8},"end":{"line":26,"column":29}},"5":{"start":{"line":34,"column":8},"end":{"line":34,"column":64}},"6":{"start":{"line":35,"column":8},"end":{"line":35,"column":29}}},"branchMap":{}},
"contracts/utils/RoleManagement.sol":{"l":{"6":1,"10":2},"path":"/home/racso/Programming/nft-marketplace/contracts/utils/RoleManagement.sol","s":{"1":1,"2":2},"b":{},"f":{"1":1,"2":2},"fnMap":{"1":{"name":"becomeAdmin","line":5,"loc":{"start":{"line":5,"column":4},"end":{"line":7,"column":4}}},"2":{"name":"isAdmin","line":9,"loc":{"start":{"line":9,"column":4},"end":{"line":11,"column":4}}}},"statementMap":{"1":{"start":{"line":6,"column":8},"end":{"line":6,"column":44}},"2":{"start":{"line":10,"column":8},"end":{"line":10,"column":49}}},"branchMap":{}},
"contracts/utils/TaxManagement.sol":{"l":{"8":4,"12":4},"path":"/home/racso/Programming/nft-marketplace/contracts/utils/TaxManagement.sol","s":{"1":4,"2":4},"b":{},"f":{"1":4,"2":4},"fnMap":{"1":{"name":"_setRecipient","line":7,"loc":{"start":{"line":7,"column":4},"end":{"line":9,"column":4}}},"2":{"name":"_setTaxRate","line":11,"loc":{"start":{"line":11,"column":4},"end":{"line":13,"column":4}}}},"statementMap":{"1":{"start":{"line":8,"column":8},"end":{"line":8,"column":29}},"2":{"start":{"line":12,"column":8},"end":{"line":12,"column":25}}},"branchMap":{}}}
