TN:
SF:/home/racso/Programming/nft-marketplace/contracts/ERC1155/ERC1155.sol
FN:14,constructor
FN:16,uri
FN:29,mint
FNF:3
FNH:3
FNDA:6,constructor
FNDA:1,uri
FNDA:12,mint
DA:23,1
DA:33,12
DA:34,12
DA:35,12
DA:36,12
DA:37,12
DA:38,12
DA:39,12
LF:8
LH:8
BRF:0
BRH:0
end_of_record
TN:
SF:/home/racso/Programming/nft-marketplace/contracts/ERC20/interfaces/DaiToken.sol
FNF:0
FNH:0
LF:0
LH:0
BRF:0
BRH:0
end_of_record
TN:
SF:/home/racso/Programming/nft-marketplace/contracts/ERC20/Token.sol
FN:6,constructor
FNF:1
FNH:1
FNDA:3,constructor
DA:7,3
LF:1
LH:1
BRF:0
BRH:0
end_of_record
TN:
SF:/home/racso/Programming/nft-marketplace/contracts/ERC20/TokenSale.sol
FN:13,constructor
FN:21,buyTokens
FN:36,endSale
FNF:3
FNH:3
FNDA:3,constructor
FNDA:3,buyTokens
FNDA:1,endSale
DA:14,3
DA:15,3
DA:23,3
DA:26,2
DA:28,1
DA:30,1
DA:32,1
DA:37,1
DA:38,1
LF:9
LH:9
BRDA:23,1,0,2
BRDA:23,1,1,1
BRDA:26,2,0,1
BRDA:26,2,1,1
BRDA:28,3,0,1
BRDA:28,3,1,0
BRDA:37,4,0,1
BRDA:37,4,1,0
BRF:8
BRH:6
end_of_record
TN:
SF:/home/racso/Programming/nft-marketplace/contracts/Marketplace.sol
FN:42,isPosibleToBuy
FN:63,initialize
FN:88,reinitialize
FN:98,setTaxRate
FN:108,setRecipient
FN:114,unlockForSale
FN:138,cancelSell
FN:143,buyEth
FN:158,buyDai
FN:170,buyLink
FNF:10
FNH:7
FNDA:6,isPosibleToBuy
FNDA:3,initialize
FNDA:0,reinitialize
FNDA:1,setTaxRate
FNDA:1,setRecipient
FNDA:11,unlockForSale
FNDA:2,cancelSell
FNDA:3,buyEth
FNDA:0,buyDai
FNDA:0,buyLink
DA:43,6
DA:48,5
DA:49,4
DA:51,3
DA:64,3
DA:65,3
DA:66,3
DA:67,3
DA:68,3
DA:71,3
DA:74,3
DA:78,3
DA:79,3
DA:90,0
DA:100,1
DA:110,1
DA:120,11
DA:121,10
DA:125,9
DA:126,9
DA:127,9
DA:128,9
DA:129,9
DA:130,9
DA:131,9
DA:132,9
DA:134,9
DA:135,9
DA:139,2
DA:140,2
DA:144,3
DA:147,3
DA:148,3
DA:149,2
DA:150,2
DA:151,2
DA:152,2
DA:153,2
DA:155,2
DA:159,0
DA:162,0
DA:163,0
DA:164,0
DA:165,0
DA:167,0
DA:171,0
DA:174,0
DA:175,0
DA:176,0
DA:177,0
DA:179,0
LF:51
LH:38
BRDA:43,1,0,5
BRDA:43,1,1,1
BRDA:48,2,0,4
BRDA:48,2,1,1
BRDA:49,3,0,3
BRDA:49,3,1,1
BRDA:120,4,0,10
BRDA:120,4,1,1
BRDA:121,5,0,9
BRDA:121,5,1,1
BRDA:139,6,0,2
BRDA:139,6,1,0
BRDA:148,7,0,2
BRDA:148,7,1,1
BRDA:152,8,0,2
BRDA:152,8,1,0
BRF:16
BRH:14
end_of_record
TN:
SF:/home/racso/Programming/nft-marketplace/contracts/utils/PriceConsumer.sol
FN:15,getLatestPriceEthToUsd
FN:30,getLatestPriceDaiToUsd
FN:45,getLatestPriceLinkToUsd
FNF:3
FNH:1
FNDA:3,getLatestPriceEthToUsd
FNDA:0,getLatestPriceDaiToUsd
FNDA:0,getLatestPriceLinkToUsd
DA:16,3
DA:23,3
DA:31,0
DA:38,0
DA:46,0
DA:53,0
LF:6
LH:2
BRF:0
BRH:0
end_of_record
TN:
SF:/home/racso/Programming/nft-marketplace/contracts/utils/RoleManagement.sol
FN:5,becomeAdmin
FN:9,isAdmin
FNF:2
FNH:2
FNDA:1,becomeAdmin
FNDA:2,isAdmin
DA:6,1
DA:10,2
LF:2
LH:2
BRF:0
BRH:0
end_of_record
TN:
SF:/home/racso/Programming/nft-marketplace/contracts/utils/TaxManagement.sol
FN:7,_setRecipient
FN:11,_setTaxRate
FNF:2
FNH:2
FNDA:4,_setRecipient
FNDA:4,_setTaxRate
DA:8,4
DA:12,4
LF:2
LH:2
BRF:0
BRH:0
end_of_record
