TN:
SF:/home/racso/Programming/nft-marketplace/contracts/ERC1155/ERC1155.sol
FN:14,constructor
FN:16,uri
FN:29,mint
FNF:3
FNH:3
FNDA:6,constructor
FNDA:1,uri
FNDA:17,mint
DA:23,1
DA:33,17
DA:34,17
DA:35,17
DA:36,17
DA:37,17
DA:38,17
DA:39,17
LF:8
LH:8
BRF:0
BRH:0
end_of_record
TN:
SF:/home/racso/Programming/nft-marketplace/contracts/ERC20/interfaces/DaiToken.sol
FNF:0
FNH:0
LF:0
LH:0
BRF:0
BRH:0
end_of_record
TN:
SF:/home/racso/Programming/nft-marketplace/contracts/ERC20/Token.sol
FN:6,constructor
FNF:1
FNH:1
FNDA:3,constructor
DA:7,3
LF:1
LH:1
BRF:0
BRH:0
end_of_record
TN:
SF:/home/racso/Programming/nft-marketplace/contracts/ERC20/TokenSale.sol
FN:13,constructor
FN:21,buyTokens
FN:36,endSale
FNF:3
FNH:3
FNDA:3,constructor
FNDA:3,buyTokens
FNDA:1,endSale
DA:14,3
DA:15,3
DA:23,3
DA:26,2
DA:28,1
DA:30,1
DA:32,1
DA:37,1
DA:38,1
LF:9
LH:9
BRDA:23,1,0,2
BRDA:23,1,1,1
BRDA:26,2,0,1
BRDA:26,2,1,1
BRDA:28,3,0,1
BRDA:28,3,1,0
BRDA:37,4,0,1
BRDA:37,4,1,0
BRF:8
BRH:6
end_of_record
TN:
SF:/home/racso/Programming/nft-marketplace/contracts/Marketplace.sol
FN:42,isPosibleToBuy
FN:66,initialize
FN:91,reinitialize
FN:101,setTaxRate
FN:111,setRecipient
FN:117,unlockForSale
FN:142,cancelSell
FN:148,buyEth
FN:165,buyDai
FN:179,buyLink
FNF:10
FNH:9
FNDA:13,isPosibleToBuy
FNDA:3,initialize
FNDA:0,reinitialize
FNDA:1,setTaxRate
FNDA:1,setRecipient
FNDA:16,unlockForSale
FNDA:2,cancelSell
FNDA:4,buyEth
FNDA:3,buyDai
FNDA:3,buyLink
DA:43,13
DA:48,12
DA:49,11
DA:51,10
DA:67,3
DA:68,3
DA:69,3
DA:70,3
DA:71,3
DA:74,3
DA:77,3
DA:81,3
DA:82,3
DA:93,0
DA:103,1
DA:113,1
DA:123,16
DA:124,15
DA:128,14
DA:129,14
DA:130,14
DA:131,14
DA:132,14
DA:133,14
DA:134,14
DA:135,14
DA:137,14
DA:138,14
DA:139,14
DA:143,2
DA:144,2
DA:145,2
DA:149,4
DA:152,4
DA:153,4
DA:154,4
DA:155,3
DA:156,3
DA:157,3
DA:158,3
DA:159,3
DA:161,3
DA:162,3
DA:166,3
DA:169,3
DA:170,3
DA:171,3
DA:172,3
DA:173,3
DA:175,2
DA:176,2
DA:180,3
DA:183,3
DA:184,3
DA:185,3
DA:186,3
DA:187,3
DA:189,0
DA:190,0
LF:59
LH:56
BRDA:43,1,0,12
BRDA:43,1,1,1
BRDA:48,2,0,11
BRDA:48,2,1,1
BRDA:49,3,0,10
BRDA:49,3,1,1
BRDA:123,4,0,15
BRDA:123,4,1,1
BRDA:124,5,0,14
BRDA:124,5,1,1
BRDA:143,6,0,2
BRDA:143,6,1,0
BRDA:154,7,0,3
BRDA:154,7,1,1
BRDA:158,8,0,3
BRDA:158,8,1,0
BRF:16
BRH:14
end_of_record
TN:
SF:/home/racso/Programming/nft-marketplace/contracts/utils/PriceConsumer.sol
FN:15,getLatestPriceEthToUsd
FN:24,getLatestPriceDaiToUsd
FN:33,getLatestPriceLinkToUsd
FNF:3
FNH:3
FNDA:4,getLatestPriceEthToUsd
FNDA:3,getLatestPriceDaiToUsd
FNDA:3,getLatestPriceLinkToUsd
DA:16,4
DA:17,4
DA:25,3
DA:26,3
DA:34,3
DA:35,3
LF:6
LH:6
BRF:0
BRH:0
end_of_record
TN:
SF:/home/racso/Programming/nft-marketplace/contracts/utils/RoleManagement.sol
FN:5,becomeAdmin
FN:9,isAdmin
FNF:2
FNH:2
FNDA:1,becomeAdmin
FNDA:2,isAdmin
DA:6,1
DA:10,2
LF:2
LH:2
BRF:0
BRH:0
end_of_record
TN:
SF:/home/racso/Programming/nft-marketplace/contracts/utils/TaxManagement.sol
FN:7,_setRecipient
FN:11,_setTaxRate
FNF:2
FNH:2
FNDA:4,_setRecipient
FNDA:4,_setTaxRate
DA:8,4
DA:12,4
LF:2
LH:2
BRF:0
BRH:0
end_of_record
